INIT
START OF TESTING
Testing validate input
Test: 0
Test passed: !0, !0
Test: 1
Test passed: 1 = 1
Test: 2
Test passed: 2 = 2
Test: 3
Test passed: 3 = 3
Test: 4
Test passed: 4 = 4
Test: 5
Test passed: 5 = 5
Test: 6
Test passed: !6, !6
Test: asd
Test passed: !0, !0
Test: 
Test passed: !0, !0
Test: 23.4
Test passed: !0, !0
Test: 3.7
Test passed: !0, !0
Test: -2
Test passed: !-2, !-2
All tests passed. tests passed: 12 / 12
Testing handle player input
Test: 0
Test passed: !0, !0
Test: 1
Test passed: 1 = 1
Test: 2
Test passed: 2 = 2
Test: 3
Test passed: 3 = 3
Test: 4
Test passed: 4 = 4
Test: 5
Test passed: 5 = 5
Test: 6
Test passed: !0, !6
Test: asd
Test passed: !0, !asd
Test: 
Test passed: !0, !
Test: 23.4
Test passed: !0, !23.4
Test: 3.7
Test passed: !0, !3.7
Test: -2
Test passed: !0, !-2
All tests passed. tests passed: 12 / 12
Testing convert int into moves
Test: 0
null = null
Test: 1
Attack = Attack
Test: 2
SpecialAttack = SpecialAttack
Test: 3
Recharge = Recharge
Test: 4
Dodge = Dodge
Test: 5
Heal = Heal
Test: 6
null = null
Test: asd
null = null
Test: 
null = null
Test: 23.4
null = null
Test: 3.7
null = null
Test: -2
null = null
All tests passed. tests passed: 12 / 12
All tests passed: 3 / 3
END OF TESTING
Operation Successful
Operation Successful
Started Game
Blunder value: 22 > Blunder chance: 50
Blunder value: 70 > Blunder chance: 50
attack
Blunder value: 55 > Blunder chance: 50
attack
Blunder value: 72 > Blunder chance: 50
attack
Blunder value: 68 > Blunder chance: 50
attack
Blunder value: 67 > Blunder chance: 50
attack
Blunder value: 62 > Blunder chance: 50
attack
Blunder value: 92 > Blunder chance: 50
attack
Blunder value: 92 > Blunder chance: 50
attack
Blunder value: 64 > Blunder chance: 50
attack
Blunder value: 30 > Blunder chance: 50
Blunder value: 65 > Blunder chance: 50
attack
Blunder value: 96 > Blunder chance: 50
attack
Blunder value: 39 > Blunder chance: 50
Blunder value: 61 > Blunder chance: 50
attack
Blunder value: 34 > Blunder chance: 50
Blunder value: 8 > Blunder chance: 50
Blunder value: 99 > Blunder chance: 50
recharge
Blunder value: 16 > Blunder chance: 50
Blunder value: 98 > Blunder chance: 50
heal
Blunder value: 87 > Blunder chance: 50
recharge
Blunder value: 34 > Blunder chance: 50
Blunder value: 35 > Blunder chance: 50
Game ended 1
Started Game
Blunder value: 34 > Blunder chance: 50
Blunder value: 26 > Blunder chance: 50
Blunder value: 71 > Blunder chance: 50
attack
Blunder value: 53 > Blunder chance: 50
attack
Blunder value: 11 > Blunder chance: 50
Blunder value: 29 > Blunder chance: 50
Blunder value: 47 > Blunder chance: 50
Computer failed Count: 1
Computer failed Count: 2
Computer failed Count: 3
Blunder value: 100 > Blunder chance: 50
attack
Blunder value: 97 > Blunder chance: 50
attack
Blunder value: 12 > Blunder chance: 50
Computer failed Count: 1
Blunder value: 78 > Blunder chance: 50
attack
Blunder value: 35 > Blunder chance: 50
Blunder value: 51 > Blunder chance: 50
attack
Blunder value: 50 > Blunder chance: 50
Blunder value: 95 > Blunder chance: 50
attack
Blunder value: 91 > Blunder chance: 50
recharge
Blunder value: 54 > Blunder chance: 50
recharge
Blunder value: 8 > Blunder chance: 50
Blunder value: 97 > Blunder chance: 50
attack
Blunder value: 24 > Blunder chance: 50
Blunder value: 23 > Blunder chance: 50
Computer failed Count: 1
Computer failed Count: 2
Computer failed Count: 3
Blunder value: 52 > Blunder chance: 50
recharge
Blunder value: 88 > Blunder chance: 50
recharge
Blunder value: 40 > Blunder chance: 50
Blunder value: 24 > Blunder chance: 50
Blunder value: 95 > Blunder chance: 50
recharge
Blunder value: 59 > Blunder chance: 50
heal
Blunder value: 35 > Blunder chance: 50
Blunder value: 3 > Blunder chance: 50
Blunder value: 25 > Blunder chance: 50
Blunder value: 24 > Blunder chance: 50
Blunder value: 73 > Blunder chance: 50
recharge
Blunder value: 2 > Blunder chance: 50
Blunder value: 28 > Blunder ch